[2020-05-24T00:30:41.937057-03:00] wjcrypto.INFO: Invalid Login: Login e/ou senha inv치lidos [] []
[2020-05-24T00:32:39.328127-03:00] wjcrypto.INFO: Invalid Login: Login e/ou senha inv치lidos {"username":"asd","password":"asd"} []
[2020-05-24T00:33:48.677752-03:00] wjcrypto.INFO: Login Success IP from: 127.0.0.1 [] []
[2020-05-24T00:37:09.687630-03:00] wjcrypto.INFO: Login Success:  {"username":"luis","password":"luis"} []
[2020-05-24T00:55:40.104010-03:00] wjcrypto.INFO: Invalid Login: Login e/ou senha inv치lidos {"username":"555255","password":""} []
[2020-05-24T01:02:16.555727-03:00] wjcrypto.INFO: Invalid Login: Login e/ou senha inv치lidos {"username":"luis","password":"lyis"} []
[2020-05-24T01:02:20.990521-03:00] wjcrypto.INFO: Login Success:  {"username":"luis","password":"luis"} []
[2020-05-24T01:03:01.539939-03:00] wjcrypto.INFO: Login Success:  {"username":"luis","password":"luis"} []
[2020-05-24T01:04:00.504804-03:00] wjcrypto.INFO: Login Success:  {"username":"luis","password":"luis"} []
[2020-05-24T01:04:00.515168-03:00] wjcrypto.INFO: Page Access ["/home"] []
[2020-05-24T01:04:00.516259-03:00] wjcrypto.INFO: Home Access:  {"id":"3","name":"WBSn0CimnZM9IopOsbCphw==","document":"91WFLRTUtIRacd8mmZkiPA==","additional_document":"OuX2JCQ2YNaCtVfZdXjuTw==","dt_origin":"2020-05-20T00:00:00-03:00","phone":"QDixmoBhm3uoNQQqQcHcpQ==","address":"3vt8BqHmt76rjkAcuZPkug==","username":"WB5ycRhj8fnZThXJw4mT/Q==","password":"A62HUMkf+sdN5STBY1gttTCjB4zYmHK76MM0pw6qphI=","account_number":"S2kbdXYLSdB3WETAnZa3WQ==","balance":"10"} []
[2020-05-24T01:04:00.554100-03:00] wjcrypto.INFO: Page Access ["/welcome"] []
[2020-05-24T01:04:05.945163-03:00] wjcrypto.INFO: Page Access ["/deposit"] []
[2020-05-24T01:04:05.954439-03:00] wjcrypto.INFO: Deposit Success:  {"amount":"10"} []
[2020-05-24T01:04:06.843519-03:00] wjcrypto.INFO: Page Access ["/welcome"] []
[2020-05-24T01:04:10.607037-03:00] wjcrypto.INFO: Page Access ["/withdraw"] []
[2020-05-24T01:04:10.613040-03:00] wjcrypto.INFO: Withdraw Success:  {"amount":"10"} []
[2020-05-24T01:04:11.629783-03:00] wjcrypto.INFO: Page Access ["/welcome"] []
[2020-05-24T01:04:36.197045-03:00] wjcrypto.INFO: SignUp Success:  {"name":"Thaina","document":"97987897","additional_document":"897987987987","dt_origin":"2020-02-01","phone":"181818181","address":"Rua T","username":"thaina","password":"thaina"} []
[2020-05-24T01:05:19.278190-03:00] wjcrypto.INFO: Login Success:  {"username":"luis","password":"luis"} []
[2020-05-24T01:05:19.287746-03:00] wjcrypto.INFO: Page Access ["/home"] []
[2020-05-24T01:05:19.289205-03:00] wjcrypto.INFO: Home Access:  {"id":"3","name":"WBSn0CimnZM9IopOsbCphw==","document":"91WFLRTUtIRacd8mmZkiPA==","additional_document":"OuX2JCQ2YNaCtVfZdXjuTw==","dt_origin":"2020-05-20T00:00:00-03:00","phone":"QDixmoBhm3uoNQQqQcHcpQ==","address":"3vt8BqHmt76rjkAcuZPkug==","username":"WB5ycRhj8fnZThXJw4mT/Q==","password":"A62HUMkf+sdN5STBY1gttTCjB4zYmHK76MM0pw6qphI=","account_number":"S2kbdXYLSdB3WETAnZa3WQ==","balance":"10"} []
[2020-05-24T01:05:19.329842-03:00] wjcrypto.INFO: Page Access ["/welcome"] []
[2020-05-24T01:05:23.407277-03:00] wjcrypto.INFO: Page Access ["/deposit"] []
[2020-05-24T01:05:23.408075-03:00] wjcrypto.INFO: Deposit Error: Invalid Amount [] []
[2020-05-24T02:07:22.011734-03:00] wjcrypto.INFO: Entity Error: Could Not Find Token: WJ-5ec9f96d05a024 [] []
[2020-05-25T09:12:46.538500-03:00] wjcrypto.INFO: Entity Error: Could Not Find Token: WJ-5ec9f96d05a023232 [] []
[2020-05-25T09:20:34.749617-03:00] wjcrypto.INFO: Login Success:  {"username":"gustavo","password":"gustavo"} []
[2020-05-25T09:20:34.755539-03:00] wjcrypto.INFO: Page Access ["/home"] []
[2020-05-25T09:20:34.757260-03:00] wjcrypto.INFO: Home Access:  {"id":"4","name":"TpDDGzEmehQJeZE6aD9ybw==","document":"QOHKVQTPz3hNpKR+gj+dtQ==","additional_document":"nbikBrQUiAO50GFYbtSPxQ==","dt_origin":"2020-05-20T00:00:00-03:00","phone":"oXDYCLG2xQgIH/QBYXjHtg==","address":"9tQmT9+Bfk+oTPU6H0y1pw==","username":"1Z1wdguaYz22mJ0cI33xlw==","password":"QWp8jBy8ksNj1K3oBNoKenv8Vb2TIFlfWII8iG4BEZM=","account_number":"7IVnreXlXrme2YzpMtbfsg==","balance":"-20"} []
[2020-05-25T09:20:34.797051-03:00] wjcrypto.INFO: Page Access ["/welcome"] []
[2020-05-25T09:22:10.038860-03:00] wjcrypto.INFO: Login Success:  {"username":"thaina","password":"thaina"} []
[2020-05-25T09:22:10.046951-03:00] wjcrypto.INFO: Page Access ["/home"] []
[2020-05-25T09:22:10.048042-03:00] wjcrypto.INFO: Home Access:  {"id":"5","name":"8jbq5PMp4HyGnWwf+oHhuQ==","document":"+SRoynKPKshA5APEbBalbg==","additional_document":"OuX2JCQ2YNaCtVfZdXjuTw==","dt_origin":"2020-02-01T00:00:00-03:00","phone":"sDFwFGUvmkv/yZ15n3GggQ==","address":"6eUKnVPv1PGzFPmsLGwEOg==","username":"BCk0FvqGpiFWkROKjAVQoQ==","password":"htWXImaPlGni3EVxWlU0GAxcgv5yyngj2sGHI9i8xZE=","account_number":"sLYVrtrHxbsYUfT4XFCXEA==","balance":"0"} []
[2020-05-25T09:22:10.087368-03:00] wjcrypto.INFO: Page Access ["/welcome"] []
[2020-05-25T09:24:27.631554-03:00] wjcrypto.INFO: Login Success:  {"username":"luis","password":"luis"} []
[2020-05-25T09:24:27.638244-03:00] wjcrypto.INFO: Page Access ["/home"] []
[2020-05-25T09:24:27.639081-03:00] wjcrypto.INFO: Home Access:  {"id":"3","name":"WBSn0CimnZM9IopOsbCphw==","document":"91WFLRTUtIRacd8mmZkiPA==","additional_document":"OuX2JCQ2YNaCtVfZdXjuTw==","dt_origin":"2020-05-20T00:00:00-03:00","phone":"QDixmoBhm3uoNQQqQcHcpQ==","address":"3vt8BqHmt76rjkAcuZPkug==","username":"WB5ycRhj8fnZThXJw4mT/Q==","password":"A62HUMkf+sdN5STBY1gttTCjB4zYmHK76MM0pw6qphI=","account_number":"S2kbdXYLSdB3WETAnZa3WQ==","balance":"90"} []
[2020-05-25T09:24:27.679198-03:00] wjcrypto.INFO: Page Access ["/welcome"] []
[2020-05-25T09:24:32.169222-03:00] wjcrypto.INFO: Page Access ["/transfer"] []
[2020-05-25T09:24:32.181032-03:00] wjcrypto.INFO: Transfer Success:  {"amount":"10","account":"5ec9f2542d76b"} []
[2020-05-25T09:29:52.558885-03:00] wjcrypto.INFO: Entity Error: Could Not Find Token: WJ-5ec9f96d05a02zxz [] []
[2020-05-25T09:33:44.331130-03:00] wjcrypto.INFO: Page Access ["/welcome"] []
[2020-05-25T09:38:29.183322-03:00] wjcrypto.INFO: SignUp Success:  {"name":"Webjump","document":"987987987","additional_document":"98797987987","dt_origin":"2020-05-20","phone":"11989595959","address":"Rua Webjump, 1000","username":"webjump","password":"webjump"} []
[2020-05-25T09:41:56.576705-03:00] wjcrypto.INFO: SignUp Success:  {"name":"Webjump","document":"987987987","additional_document":"98797987987","dt_origin":"2020-05-20","phone":"11989595959","address":"Rua Webjump, 1000","username":"webjump","password":"webjump"} []
[2020-05-25T10:31:28.602562-03:00] wjcrypto.INFO: Entity Error: Could Not Find Token: WJ-5ec9f96d05a02sd [] []
[2020-05-25T10:47:48.061773-03:00] wjcrypto.INFO: SignUp Success:  {"name":"Webjump","document":"9879844984","additional_document":"984894948","dt_origin":"1991-05-29","phone":"19895959","address":"Rua Felipe","username":"web","password":"web"} []
[2020-05-25T10:48:58.089753-03:00] wjcrypto.INFO: SignUp Success:  {"name":"Webjump","document":"9879844984","additional_document":"984894948","dt_origin":"1991-05-29","phone":"19895959","address":"Rua Felipe","username":"web","password":"web"} []
[2020-05-25T10:49:13.117661-03:00] wjcrypto.INFO: SignUp Success:  {"name":"Webjump","document":"9879844984","additional_document":"984894948","dt_origin":"1991-05-29","phone":"19895959","address":"Rua Felipe","username":"web","password":"web"} []
[2020-05-25T10:49:37.536766-03:00] wjcrypto.INFO: SignUp Success:  {"name":"Webjump","document":"9879844984","additional_document":"984894948","dt_origin":"1991-05-29","phone":"19895959","address":"Rua Felipe","username":"web","password":"web"} []
[2020-05-25T10:51:26.001819-03:00] wjcrypto.INFO: SignUp Success:  {"name":"Webjump","document":"9879844984","additional_document":"984894948","dt_origin":"1991-05-29","phone":"19895959","address":"Rua Felipe","username":"web","password":"web"} []
[2020-05-25T10:57:54.349964-03:00] wjcrypto.INFO: SignUp Success:  {"name":"Webjump","document":"9879844984","additional_document":"984894948","dt_origin":"1991-05-29","phone":"19895959","address":"Rua Felipe","username":"web","password":"web"} []
[2020-05-25T10:58:03.903416-03:00] wjcrypto.INFO: SignUp Success:  {"name":"Webjump","document":"9879844984","additional_document":"984894948","dt_origin":"1991-05-29","phone":"19895959","address":"Rua Felipe","username":"web","password":"web"} []
[2020-05-25T11:00:07.895248-03:00] wjcrypto.INFO: SignUp Success:  {"name":"Webjump","document":"9879844984","additional_document":"984894948","dt_origin":"1991-05-29","phone":"19895959","address":"Rua Felipe","username":"web","password":"web"} []
[2020-05-25T11:01:20.695047-03:00] wjcrypto.INFO: SignUp Success:  {"name":"Webjump","document":"9879844984","additional_document":"984894948","dt_origin":"1991-05-29","phone":"19895959","address":"Rua Felipe","username":"web","password":"web"} []
[2020-05-25T11:05:30.958988-03:00] wjcrypto.INFO: Login Success:  {"username":"luis","password":"luis"} []
[2020-05-25T11:05:30.967643-03:00] wjcrypto.INFO: Page Access ["/home"] []
[2020-05-25T11:05:30.968209-03:00] wjcrypto.INFO: Home Access:  {"id":"3","name":"WBSn0CimnZM9IopOsbCphw==","document":"91WFLRTUtIRacd8mmZkiPA==","additional_document":"OuX2JCQ2YNaCtVfZdXjuTw==","dt_origin":"2020-05-20T00:00:00-03:00","phone":"QDixmoBhm3uoNQQqQcHcpQ==","address":"3vt8BqHmt76rjkAcuZPkug==","username":"WB5ycRhj8fnZThXJw4mT/Q==","password":"A62HUMkf+sdN5STBY1gttTCjB4zYmHK76MM0pw6qphI=","account_number":"S2kbdXYLSdB3WETAnZa3WQ==","balance":"60"} []
[2020-05-25T11:05:31.006751-03:00] wjcrypto.INFO: Page Access ["/welcome"] []
[2020-05-25T11:05:36.365766-03:00] wjcrypto.INFO: Login Success:  {"username":"gustavo","password":"gustavo"} []
[2020-05-25T11:05:36.374025-03:00] wjcrypto.INFO: Page Access ["/home"] []
[2020-05-25T11:05:36.375124-03:00] wjcrypto.INFO: Home Access:  {"id":"4","name":"TpDDGzEmehQJeZE6aD9ybw==","document":"QOHKVQTPz3hNpKR+gj+dtQ==","additional_document":"nbikBrQUiAO50GFYbtSPxQ==","dt_origin":"2020-05-20T00:00:00-03:00","phone":"oXDYCLG2xQgIH/QBYXjHtg==","address":"9tQmT9+Bfk+oTPU6H0y1pw==","username":"1Z1wdguaYz22mJ0cI33xlw==","password":"QWp8jBy8ksNj1K3oBNoKenv8Vb2TIFlfWII8iG4BEZM=","account_number":"7IVnreXlXrme2YzpMtbfsg==","balance":"100"} []
[2020-05-25T11:05:36.418653-03:00] wjcrypto.INFO: Page Access ["/welcome"] []
[2020-05-25T11:05:42.656510-03:00] wjcrypto.INFO: Login Success:  {"username":"thaina","password":"thaina"} []
[2020-05-25T11:05:42.662528-03:00] wjcrypto.INFO: Page Access ["/home"] []
[2020-05-25T11:05:42.663231-03:00] wjcrypto.INFO: Home Access:  {"id":"5","name":"8jbq5PMp4HyGnWwf+oHhuQ==","document":"+SRoynKPKshA5APEbBalbg==","additional_document":"OuX2JCQ2YNaCtVfZdXjuTw==","dt_origin":"2020-02-01T00:00:00-03:00","phone":"sDFwFGUvmkv/yZ15n3GggQ==","address":"6eUKnVPv1PGzFPmsLGwEOg==","username":"BCk0FvqGpiFWkROKjAVQoQ==","password":"htWXImaPlGni3EVxWlU0GAxcgv5yyngj2sGHI9i8xZE=","account_number":"sLYVrtrHxbsYUfT4XFCXEA==","balance":"30"} []
[2020-05-25T11:05:42.693405-03:00] wjcrypto.INFO: Page Access ["/welcome"] []
[2020-05-25T11:05:52.071453-03:00] wjcrypto.INFO: Page Access ["/welcome"] []
[2020-05-25T11:06:03.961210-03:00] wjcrypto.INFO: Login Success:  {"username":"luis","password":"luis"} []
[2020-05-25T11:06:03.966854-03:00] wjcrypto.INFO: Page Access ["/home"] []
[2020-05-25T11:06:03.967464-03:00] wjcrypto.INFO: Home Access:  {"id":"3","name":"WBSn0CimnZM9IopOsbCphw==","document":"91WFLRTUtIRacd8mmZkiPA==","additional_document":"OuX2JCQ2YNaCtVfZdXjuTw==","dt_origin":"2020-05-20T00:00:00-03:00","phone":"QDixmoBhm3uoNQQqQcHcpQ==","address":"3vt8BqHmt76rjkAcuZPkug==","username":"WB5ycRhj8fnZThXJw4mT/Q==","password":"A62HUMkf+sdN5STBY1gttTCjB4zYmHK76MM0pw6qphI=","account_number":"S2kbdXYLSdB3WETAnZa3WQ==","balance":"60"} []
[2020-05-25T11:06:03.988363-03:00] wjcrypto.INFO: Page Access ["/welcome"] []
[2020-05-25T11:11:54.446045-03:00] wjcrypto.INFO: SignUp Success:  {"name":"webjumo","document":"9479878","additional_document":"4984984","dt_origin":"2020-05-10","phone":"1189995959","address":"Rua Wj","username":"web","password":"web"} []
[2020-05-25T11:12:37.808825-03:00] wjcrypto.INFO: SignUp Success:  {"name":"webjumo","document":"9479878","additional_document":"4984984","dt_origin":"2020-05-10","phone":"1189995959","address":"Rua Wj","username":"web","password":"web"} []
[2020-05-25T11:12:58.138773-03:00] wjcrypto.INFO: SignUp Success:  {"name":"webjumo","document":"9479878","additional_document":"4984984","dt_origin":"2020-05-10","phone":"1189995959","address":"Rua Wj","username":"web","password":"web"} []
[2020-05-25T11:13:15.778447-03:00] wjcrypto.INFO: SignUp Success:  {"name":"webjumo","document":"9479878","additional_document":"4984984","dt_origin":"2020-05-10","phone":"1189995959","address":"Rua Wj","username":"web","password":"web"} []
[2020-05-25T11:13:51.192317-03:00] wjcrypto.INFO: SignUp Success:  {"name":"webjumo","document":"9479878","additional_document":"4984984","dt_origin":"2020-05-10","phone":"1189995959","address":"Rua Wj","username":"web","password":"web"} []
[2020-05-25T11:14:45.320961-03:00] wjcrypto.INFO: SignUp Success:  {"name":"webjumo","document":"9479878","additional_document":"4984984","dt_origin":"2020-05-10","phone":"1189995959","address":"Rua Wj","username":"web","password":"web"} []
[2020-05-25T11:15:11.331811-03:00] wjcrypto.INFO: SignUp Success:  {"name":"web","document":"89484","additional_document":"949484","dt_origin":"2020-05-01","phone":"1195959595","address":"Rua","username":"web","password":"web"} []
[2020-05-25T11:16:15.821704-03:00] wjcrypto.INFO: SignUp Success:  {"name":"Webjump","document":"98498498498","additional_document":"984948984984","dt_origin":"2020-05-01","phone":"1198989898","address":"Rua Wj","username":"web","password":"web"} []
[2020-05-25T11:23:44.284255-03:00] wjcrypto.INFO: Login Success:  {"username":"luis","password":"luis"} []
[2020-05-25T11:23:44.293582-03:00] wjcrypto.INFO: Page Access ["/home"] []
[2020-05-25T11:23:44.296217-03:00] wjcrypto.INFO: Home Access:  {"id":"3","name":"WBSn0CimnZM9IopOsbCphw==","document":"91WFLRTUtIRacd8mmZkiPA==","additional_document":"OuX2JCQ2YNaCtVfZdXjuTw==","dt_origin":"2020-05-20T00:00:00-03:00","phone":"QDixmoBhm3uoNQQqQcHcpQ==","address":"3vt8BqHmt76rjkAcuZPkug==","username":"WB5ycRhj8fnZThXJw4mT/Q==","password":"A62HUMkf+sdN5STBY1gttTCjB4zYmHK76MM0pw6qphI=","account_number":"S2kbdXYLSdB3WETAnZa3WQ==","balance":"60"} []
[2020-05-25T11:23:44.359317-03:00] wjcrypto.INFO: Page Access ["/welcome"] []
[2020-05-25T11:23:56.361615-03:00] wjcrypto.INFO: Login Success:  {"username":"thaina","password":"thaina"} []
[2020-05-25T11:23:56.371404-03:00] wjcrypto.INFO: Page Access ["/home"] []
[2020-05-25T11:23:56.374309-03:00] wjcrypto.INFO: Home Access:  {"id":"5","name":"8jbq5PMp4HyGnWwf+oHhuQ==","document":"+SRoynKPKshA5APEbBalbg==","additional_document":"OuX2JCQ2YNaCtVfZdXjuTw==","dt_origin":"2020-02-01T00:00:00-03:00","phone":"sDFwFGUvmkv/yZ15n3GggQ==","address":"6eUKnVPv1PGzFPmsLGwEOg==","username":"BCk0FvqGpiFWkROKjAVQoQ==","password":"htWXImaPlGni3EVxWlU0GAxcgv5yyngj2sGHI9i8xZE=","account_number":"sLYVrtrHxbsYUfT4XFCXEA==","balance":"30"} []
[2020-05-25T11:23:56.423837-03:00] wjcrypto.INFO: Page Access ["/welcome"] []
[2020-05-25T11:24:04.938296-03:00] wjcrypto.INFO: Login Success:  {"username":"luis","password":"luis"} []
[2020-05-25T11:24:04.948067-03:00] wjcrypto.INFO: Page Access ["/home"] []
[2020-05-25T11:24:04.950404-03:00] wjcrypto.INFO: Home Access:  {"id":"3","name":"WBSn0CimnZM9IopOsbCphw==","document":"91WFLRTUtIRacd8mmZkiPA==","additional_document":"OuX2JCQ2YNaCtVfZdXjuTw==","dt_origin":"2020-05-20T00:00:00-03:00","phone":"QDixmoBhm3uoNQQqQcHcpQ==","address":"3vt8BqHmt76rjkAcuZPkug==","username":"WB5ycRhj8fnZThXJw4mT/Q==","password":"A62HUMkf+sdN5STBY1gttTCjB4zYmHK76MM0pw6qphI=","account_number":"S2kbdXYLSdB3WETAnZa3WQ==","balance":"60"} []
[2020-05-25T11:24:05.002061-03:00] wjcrypto.INFO: Page Access ["/welcome"] []
[2020-05-25T11:24:11.589842-03:00] wjcrypto.INFO: Page Access ["/transfer"] []
[2020-05-25T11:24:11.605350-03:00] wjcrypto.INFO: Transfer Success:  {"amount":"10","account":"5ec9f2542d76b"} []
[2020-05-25T11:24:12.677494-03:00] wjcrypto.INFO: Page Access ["/welcome"] []
[2020-05-25T11:28:11.228008-03:00] wjcrypto.INFO: Deposit Success:  {"amount":"20"} []
[2020-05-25T11:29:14.589128-03:00] wjcrypto.INFO: Withdraw Success:  {"amount":"20"} []
[2020-05-25T11:29:27.184684-03:00] wjcrypto.INFO: Transfer Success:  {"amount":"10","account":"5ec9f2542d76b"} []
